2023-05-11 16:04:10 [INFO] 초기화 필터 생성
2023-05-11 16:04:13 [INFO] 5초마다 출력
2023-05-11 16:04:14 [INFO] 전처리 수행
2023-05-11 16:04:17 [INFO] 후처리 수행
2023-05-11 16:04:17 [INFO] view처리 완료 후 수행
2023-05-11 16:04:17 [INFO] 전처리 수행
2023-05-11 16:04:17 [INFO] 후처리 수행
2023-05-11 16:04:17 [INFO] view처리 완료 후 수행
2023-05-11 16:04:18 [INFO] 5초마다 출력
2023-05-11 16:04:23 [INFO] 5초마다 출력
2023-05-11 16:04:27 [INFO] 전처리 수행
2023-05-11 16:04:27 [INFO] 후처리 수행
2023-05-11 16:04:27 [INFO] view처리 완료 후 수행
2023-05-11 16:04:28 [INFO] 5초마다 출력
2023-05-11 16:04:33 [INFO] 5초마다 출력
2023-05-11 16:04:37 [INFO] 전처리 수행
2023-05-11 16:04:37 [INFO] 후처리 수행
2023-05-11 16:04:37 [INFO] view처리 완료 후 수행
2023-05-11 16:04:38 [INFO] 5초마다 출력
2023-05-11 16:04:43 [INFO] 5초마다 출력
2023-05-11 16:05:53 [INFO] 초기화 필터 생성
2023-05-11 16:05:56 [INFO] 전처리 수행
2023-05-11 16:05:57 [INFO] 전처리 수행
2023-05-11 16:06:00 [INFO] 후처리 수행
2023-05-11 16:06:00 [INFO] 5초마다 출력
2023-05-11 16:06:00 [INFO] 후처리 수행
2023-05-11 16:06:00 [INFO] view처리 완료 후 수행
2023-05-11 16:06:00 [INFO] view처리 완료 후 수행
2023-05-11 16:06:00 [INFO] 전처리 수행
2023-05-11 16:06:00 [INFO] 후처리 수행
2023-05-11 16:06:00 [INFO] view처리 완료 후 수행
2023-05-11 16:06:10 [INFO] 전처리 수행
2023-05-11 16:06:10 [INFO] 후처리 수행
2023-05-11 16:06:10 [INFO] view처리 완료 후 수행
2023-05-11 16:06:20 [INFO] 전처리 수행
2023-05-11 16:06:20 [INFO] 후처리 수행
2023-05-11 16:06:20 [INFO] view처리 완료 후 수행
2023-05-11 16:06:30 [INFO] 전처리 수행
2023-05-11 16:06:30 [INFO] 후처리 수행
2023-05-11 16:06:30 [INFO] view처리 완료 후 수행
2023-05-11 16:06:40 [INFO] 전처리 수행
2023-05-11 16:06:40 [INFO] 후처리 수행
2023-05-11 16:06:40 [INFO] view처리 완료 후 수행
2023-05-11 16:06:49 [INFO] 전처리 수행
2023-05-11 16:06:49 [INFO] 후처리 수행
2023-05-11 16:06:49 [INFO] view처리 완료 후 수행
2023-05-11 16:06:50 [INFO] 전처리 수행
2023-05-11 16:06:50 [INFO] 후처리 수행
2023-05-11 16:06:50 [INFO] view처리 완료 후 수행
2023-05-11 16:07:00 [INFO] 5초마다 출력
2023-05-11 16:07:00 [INFO] 전처리 수행
2023-05-11 16:07:00 [INFO] 후처리 수행
2023-05-11 16:07:00 [INFO] view처리 완료 후 수행
2023-05-11 16:07:10 [INFO] 전처리 수행
2023-05-11 16:07:10 [INFO] 후처리 수행
2023-05-11 16:07:10 [INFO] view처리 완료 후 수행
2023-05-11 16:07:20 [INFO] 전처리 수행
2023-05-11 16:07:20 [INFO] 후처리 수행
2023-05-11 16:07:20 [INFO] view처리 완료 후 수행
2023-05-11 16:07:30 [INFO] 전처리 수행
2023-05-11 16:07:30 [INFO] 후처리 수행
2023-05-11 16:07:30 [INFO] view처리 완료 후 수행
2023-05-11 16:07:40 [INFO] 전처리 수행
2023-05-11 16:07:40 [INFO] 후처리 수행
2023-05-11 16:07:40 [INFO] view처리 완료 후 수행
2023-05-11 16:07:49 [INFO] 전처리 수행
2023-05-11 16:07:49 [INFO] 후처리 수행
2023-05-11 16:07:49 [INFO] view처리 완료 후 수행
2023-05-11 16:08:00 [INFO] 5초마다 출력
2023-05-11 16:50:19 [INFO] 초기화 필터 생성
2023-05-11 16:50:23 [INFO] 전처리 수행
2023-05-11 16:50:26 [INFO] 후처리 수행
2023-05-11 16:50:29 [INFO] view처리 완료 후 수행
2023-05-11 16:50:29 [INFO] 전처리 수행
2023-05-11 16:50:29 [INFO] 후처리 수행
2023-05-11 16:50:29 [INFO] view처리 완료 후 수행
2023-05-11 16:50:39 [INFO] 전처리 수행
2023-05-11 16:50:39 [INFO] 후처리 수행
2023-05-11 16:50:39 [INFO] view처리 완료 후 수행
2023-05-11 16:50:47 [INFO] 전처리 수행
2023-05-11 16:50:48 [INFO] 로그인 기능 수행됨
2023-05-11 16:50:48 [DEBUG] 123456 / $2a$10$/17puzSu10VLM0iXBD.Ah.ZWgxoRJDFFNyMhbcz6oTgTy.zWK81a2
2023-05-11 16:50:48 [DEBUG] 123456 / $2a$10$hansXplhwh2k2Spl/qN0F.Rs9KZFHQNtEVzVKXORVEJuaRM9tDBW2
2023-05-11 16:50:48 [DEBUG] 123456 / $2a$10$qIqB14OP39pp4FgG2IgChOeklUBq7av8/ZZBry1bxT1kA387VH9yS
2023-05-11 16:50:48 [DEBUG] 
2023-05-11 16:50:48 [INFO] 후처리 수행
2023-05-11 16:50:48 [INFO] view처리 완료 후 수행
2023-05-11 16:50:48 [INFO] 전처리 수행
2023-05-11 16:50:48 [INFO] 후처리 수행
2023-05-11 16:50:48 [INFO] view처리 완료 후 수행
2023-05-11 16:50:49 [INFO] 전처리 수행
2023-05-11 16:50:49 [INFO] 후처리 수행
2023-05-11 16:50:49 [INFO] view처리 완료 후 수행
2023-05-11 16:50:49 [INFO] 전처리 수행
2023-05-11 16:50:49 [INFO] 후처리 수행
2023-05-11 16:50:49 [INFO] view처리 완료 후 수행
2023-05-11 16:50:50 [INFO] 전처리 수행
2023-05-11 16:50:51 [INFO] 후처리 수행
2023-05-11 16:50:51 [INFO] view처리 완료 후 수행
2023-05-11 16:50:51 [INFO] 전처리 수행
2023-05-11 16:50:51 [INFO] 후처리 수행
2023-05-11 16:50:51 [INFO] view처리 완료 후 수행
2023-05-11 16:50:55 [INFO] 전처리 수행
2023-05-11 16:50:55 [INFO] dddddddddddddd   479
2023-05-11 16:50:55 [INFO] 후처리 수행
2023-05-11 16:50:56 [INFO] view처리 완료 후 수행
2023-05-11 16:50:56 [INFO] 전처리 수행
2023-05-11 16:50:56 [INFO] 후처리 수행
2023-05-11 16:50:56 [INFO] view처리 완료 후 수행
2023-05-11 16:50:56 [INFO] 전처리 수행
2023-05-11 16:50:56 [INFO] 후처리 수행
2023-05-11 16:50:56 [INFO] view처리 완료 후 수행
2023-05-11 16:51:12 [INFO] 전처리 수행
2023-05-11 16:51:12 [INFO] 후처리 수행
2023-05-11 16:51:12 [INFO] view처리 완료 후 수행
2023-05-11 16:51:12 [INFO] 전처리 수행
2023-05-11 16:51:12 [INFO] 전처리 수행
2023-05-11 16:51:12 [INFO] 후처리 수행
2023-05-11 16:51:12 [INFO] 후처리 수행
2023-05-11 16:51:12 [INFO] view처리 완료 후 수행
2023-05-11 16:51:12 [INFO] view처리 완료 후 수행
2023-05-11 16:51:24 [INFO] 전처리 수행
2023-05-11 16:51:24 [INFO] 후처리 수행
2023-05-11 16:51:24 [INFO] view처리 완료 후 수행
2023-05-11 16:51:26 [INFO] 전처리 수행
2023-05-11 16:51:26 [INFO] 후처리 수행
2023-05-11 16:51:26 [INFO] view처리 완료 후 수행
2023-05-11 16:51:26 [INFO] 전처리 수행
2023-05-11 16:51:26 [INFO] 후처리 수행
2023-05-11 16:51:26 [INFO] view처리 완료 후 수행
2023-05-11 16:51:27 [INFO] 전처리 수행
2023-05-11 16:51:27 [INFO] dddddddddddddd   501
2023-05-11 16:51:27 [INFO] 후처리 수행
2023-05-11 16:51:27 [INFO] view처리 완료 후 수행
2023-05-11 16:51:27 [INFO] 전처리 수행
2023-05-11 16:51:27 [INFO] 전처리 수행
2023-05-11 16:51:27 [INFO] 전처리 수행
2023-05-11 16:51:27 [INFO] 전처리 수행
2023-05-11 16:51:27 [INFO] 후처리 수행
2023-05-11 16:51:27 [INFO] view처리 완료 후 수행
2023-05-11 16:51:27 [INFO] 후처리 수행
2023-05-11 16:51:27 [INFO] view처리 완료 후 수행
2023-05-11 16:51:27 [INFO] 후처리 수행
2023-05-11 16:51:27 [INFO] view처리 완료 후 수행
2023-05-11 16:51:27 [INFO] 후처리 수행
2023-05-11 16:51:27 [INFO] view처리 완료 후 수행
2023-05-11 16:51:49 [INFO] 전처리 수행
2023-05-11 16:51:49 [INFO] 후처리 수행
2023-05-11 16:51:49 [INFO] view처리 완료 후 수행
2023-05-11 16:51:49 [INFO] 전처리 수행
2023-05-11 16:51:49 [INFO] 후처리 수행
2023-05-11 16:51:49 [INFO] view처리 완료 후 수행
2023-05-11 16:52:49 [INFO] 전처리 수행
2023-05-11 16:52:49 [INFO] 후처리 수행
2023-05-11 16:52:49 [INFO] view처리 완료 후 수행
2023-05-11 16:52:49 [INFO] 전처리 수행
2023-05-11 16:52:49 [INFO] 후처리 수행
2023-05-11 16:52:49 [INFO] view처리 완료 후 수행
2023-05-11 16:53:49 [INFO] 전처리 수행
2023-05-11 16:53:49 [INFO] 후처리 수행
2023-05-11 16:53:49 [INFO] view처리 완료 후 수행
2023-05-11 16:53:49 [INFO] 전처리 수행
2023-05-11 16:53:49 [INFO] 후처리 수행
2023-05-11 16:53:49 [INFO] view처리 완료 후 수행
2023-05-11 16:54:49 [INFO] 전처리 수행
2023-05-11 16:54:49 [INFO] 후처리 수행
2023-05-11 16:54:49 [INFO] view처리 완료 후 수행
2023-05-11 16:54:49 [INFO] 전처리 수행
2023-05-11 16:54:49 [INFO] 후처리 수행
2023-05-11 16:54:49 [INFO] view처리 완료 후 수행
2023-05-11 16:55:49 [INFO] 전처리 수행
2023-05-11 16:55:49 [INFO] 후처리 수행
2023-05-11 16:55:49 [INFO] view처리 완료 후 수행
2023-05-11 16:55:49 [INFO] 전처리 수행
2023-05-11 16:55:49 [INFO] 후처리 수행
2023-05-11 16:55:49 [INFO] view처리 완료 후 수행
2023-05-11 16:56:49 [INFO] 전처리 수행
2023-05-11 16:56:49 [INFO] 후처리 수행
2023-05-11 16:56:49 [INFO] view처리 완료 후 수행
2023-05-11 16:56:50 [INFO] 전처리 수행
2023-05-11 16:56:50 [INFO] 후처리 수행
2023-05-11 16:56:50 [INFO] view처리 완료 후 수행
2023-05-11 16:57:49 [INFO] 전처리 수행
2023-05-11 16:57:49 [INFO] 후처리 수행
2023-05-11 16:57:49 [INFO] view처리 완료 후 수행
2023-05-11 16:57:49 [INFO] 전처리 수행
2023-05-11 16:57:49 [INFO] 후처리 수행
2023-05-11 16:57:49 [INFO] view처리 완료 후 수행
2023-05-11 16:58:49 [INFO] 전처리 수행
2023-05-11 16:58:49 [INFO] 후처리 수행
2023-05-11 16:58:49 [INFO] view처리 완료 후 수행
2023-05-11 16:58:49 [INFO] 전처리 수행
2023-05-11 16:58:49 [INFO] 후처리 수행
2023-05-11 16:58:49 [INFO] view처리 완료 후 수행
2023-05-11 16:59:49 [INFO] 전처리 수행
2023-05-11 16:59:49 [INFO] 후처리 수행
2023-05-11 16:59:49 [INFO] view처리 완료 후 수행
2023-05-11 16:59:49 [INFO] 전처리 수행
2023-05-11 16:59:49 [INFO] 후처리 수행
2023-05-11 16:59:49 [INFO] view처리 완료 후 수행
2023-05-11 17:12:06 [INFO] 초기화 필터 생성
2023-05-11 17:12:09 [INFO] 5초마다 출력
2023-05-11 17:12:11 [INFO] 전처리 수행
2023-05-11 17:12:14 [INFO] 후처리 수행
2023-05-11 17:12:14 [INFO] view처리 완료 후 수행
2023-05-11 17:12:14 [INFO] 전처리 수행
2023-05-11 17:12:14 [INFO] 후처리 수행
2023-05-11 17:12:14 [INFO] view처리 완료 후 수행
2023-05-11 17:12:14 [INFO] 5초마다 출력
2023-05-11 17:12:19 [INFO] 5초마다 출력
2023-05-11 17:12:24 [INFO] 5초마다 출력
2023-05-11 17:12:24 [INFO] 전처리 수행
2023-05-11 17:12:24 [INFO] 후처리 수행
2023-05-11 17:12:24 [INFO] view처리 완료 후 수행
2023-05-11 17:12:29 [INFO] 5초마다 출력
2023-05-11 17:12:34 [INFO] 5초마다 출력
2023-05-11 17:12:34 [INFO] 전처리 수행
2023-05-11 17:12:34 [INFO] 후처리 수행
2023-05-11 17:12:34 [INFO] view처리 완료 후 수행
2023-05-11 17:12:39 [INFO] 5초마다 출력
2023-05-11 17:12:44 [INFO] 5초마다 출력
2023-05-11 17:12:44 [INFO] 전처리 수행
2023-05-11 17:12:44 [INFO] 후처리 수행
2023-05-11 17:12:44 [INFO] view처리 완료 후 수행
2023-05-11 17:12:49 [INFO] 5초마다 출력
2023-05-11 17:12:49 [INFO] 전처리 수행
2023-05-11 17:12:49 [INFO] 후처리 수행
2023-05-11 17:12:49 [INFO] view처리 완료 후 수행
2023-05-11 17:12:49 [INFO] 전처리 수행
2023-05-11 17:12:49 [INFO] 후처리 수행
2023-05-11 17:12:49 [INFO] view처리 완료 후 수행
2023-05-11 17:12:54 [INFO] 5초마다 출력
2023-05-11 17:12:54 [INFO] 전처리 수행
2023-05-11 17:12:54 [INFO] 후처리 수행
2023-05-11 17:12:54 [INFO] view처리 완료 후 수행
2023-05-11 17:12:59 [INFO] 5초마다 출력
2023-05-11 17:13:04 [INFO] 5초마다 출력
2023-05-11 17:13:04 [INFO] 전처리 수행
2023-05-11 17:13:04 [INFO] 후처리 수행
2023-05-11 17:13:04 [INFO] view처리 완료 후 수행
2023-05-11 17:13:09 [INFO] 5초마다 출력
2023-05-11 17:13:14 [INFO] 5초마다 출력
2023-05-11 17:13:14 [INFO] 전처리 수행
2023-05-11 17:13:14 [INFO] 후처리 수행
2023-05-11 17:13:14 [INFO] view처리 완료 후 수행
2023-05-11 17:13:19 [INFO] 5초마다 출력
2023-05-11 17:13:24 [INFO] 5초마다 출력
2023-05-11 17:13:24 [INFO] 전처리 수행
2023-05-11 17:13:24 [INFO] 후처리 수행
2023-05-11 17:13:24 [INFO] view처리 완료 후 수행
2023-05-11 17:13:29 [INFO] 5초마다 출력
2023-05-11 17:13:34 [INFO] 5초마다 출력
2023-05-11 17:13:34 [INFO] 전처리 수행
2023-05-11 17:13:34 [INFO] 후처리 수행
2023-05-11 17:13:34 [INFO] view처리 완료 후 수행
2023-05-11 17:13:39 [INFO] 5초마다 출력
2023-05-11 17:13:44 [INFO] 5초마다 출력
2023-05-11 17:13:44 [INFO] 전처리 수행
2023-05-11 17:13:44 [INFO] 후처리 수행
2023-05-11 17:13:44 [INFO] view처리 완료 후 수행
2023-05-11 17:13:49 [INFO] 5초마다 출력
2023-05-11 17:13:49 [INFO] 전처리 수행
2023-05-11 17:13:49 [INFO] 후처리 수행
2023-05-11 17:13:49 [INFO] view처리 완료 후 수행
2023-05-11 17:13:49 [INFO] 전처리 수행
2023-05-11 17:13:49 [INFO] 후처리 수행
2023-05-11 17:13:49 [INFO] view처리 완료 후 수행
2023-05-11 17:13:54 [INFO] 5초마다 출력
2023-05-11 17:13:54 [INFO] 전처리 수행
2023-05-11 17:13:54 [INFO] 후처리 수행
2023-05-11 17:13:54 [INFO] view처리 완료 후 수행
2023-05-11 17:13:59 [INFO] 5초마다 출력
2023-05-11 17:14:04 [INFO] 5초마다 출력
2023-05-11 17:14:04 [INFO] 전처리 수행
2023-05-11 17:14:04 [INFO] 후처리 수행
2023-05-11 17:14:04 [INFO] view처리 완료 후 수행
2023-05-11 17:14:09 [INFO] 5초마다 출력
2023-05-11 17:14:14 [INFO] 5초마다 출력
2023-05-11 17:14:14 [INFO] 전처리 수행
2023-05-11 17:14:14 [INFO] 후처리 수행
2023-05-11 17:14:14 [INFO] view처리 완료 후 수행
2023-05-11 17:14:19 [INFO] 5초마다 출력
2023-05-11 17:14:24 [INFO] 5초마다 출력
2023-05-11 17:14:24 [INFO] 전처리 수행
2023-05-11 17:14:24 [INFO] 후처리 수행
2023-05-11 17:14:24 [INFO] view처리 완료 후 수행
2023-05-11 17:14:29 [INFO] 5초마다 출력
2023-05-11 17:14:34 [INFO] 5초마다 출력
2023-05-11 17:14:34 [INFO] 전처리 수행
2023-05-11 17:14:34 [INFO] 후처리 수행
2023-05-11 17:14:34 [INFO] view처리 완료 후 수행
2023-05-11 17:14:39 [INFO] 5초마다 출력
2023-05-11 17:14:44 [INFO] 5초마다 출력
2023-05-11 17:14:44 [INFO] 전처리 수행
2023-05-11 17:14:44 [INFO] 후처리 수행
2023-05-11 17:14:44 [INFO] view처리 완료 후 수행
2023-05-11 17:14:49 [INFO] 5초마다 출력
2023-05-11 17:14:49 [INFO] 전처리 수행
2023-05-11 17:14:49 [INFO] 후처리 수행
2023-05-11 17:14:49 [INFO] view처리 완료 후 수행
2023-05-11 17:14:49 [INFO] 전처리 수행
2023-05-11 17:14:49 [INFO] 후처리 수행
2023-05-11 17:14:49 [INFO] view처리 완료 후 수행
2023-05-11 17:14:54 [INFO] 5초마다 출력
2023-05-11 17:14:54 [INFO] 전처리 수행
2023-05-11 17:14:54 [INFO] 후처리 수행
2023-05-11 17:14:54 [INFO] view처리 완료 후 수행
2023-05-11 17:14:59 [INFO] 5초마다 출력
2023-05-11 17:40:12 [INFO] 초기화 필터 생성
2023-05-11 17:40:15 [INFO] 5초마다 출력
2023-05-11 17:40:16 [INFO] 전처리 수행
2023-05-11 17:40:19 [INFO] 후처리 수행
2023-05-11 17:40:19 [INFO] view처리 완료 후 수행
2023-05-11 17:40:19 [INFO] 전처리 수행
2023-05-11 17:40:19 [INFO] 후처리 수행
2023-05-11 17:40:19 [INFO] view처리 완료 후 수행
2023-05-11 17:40:20 [INFO] 5초마다 출력
2023-05-11 17:40:25 [INFO] 5초마다 출력
2023-05-11 17:40:29 [INFO] 전처리 수행
2023-05-11 17:40:29 [INFO] 후처리 수행
2023-05-11 17:40:29 [INFO] view처리 완료 후 수행
2023-05-11 17:40:30 [INFO] 5초마다 출력
2023-05-11 17:40:35 [INFO] 5초마다 출력
2023-05-11 17:40:39 [INFO] 전처리 수행
2023-05-11 17:40:39 [INFO] 후처리 수행
2023-05-11 17:40:39 [INFO] view처리 완료 후 수행
2023-05-11 17:40:40 [INFO] 5초마다 출력
2023-05-11 17:40:45 [INFO] 5초마다 출력
2023-05-11 17:45:11 [INFO] 초기화 필터 생성
2023-05-11 17:45:14 [INFO] 5초마다 출력
2023-05-11 17:45:15 [INFO] 전처리 수행
2023-05-11 17:45:18 [INFO] 후처리 수행
2023-05-11 17:45:18 [INFO] view처리 완료 후 수행
2023-05-11 17:45:18 [INFO] 전처리 수행
2023-05-11 17:45:18 [INFO] 후처리 수행
2023-05-11 17:45:18 [INFO] view처리 완료 후 수행
2023-05-11 17:45:19 [INFO] 5초마다 출력
2023-05-11 17:45:24 [INFO] 5초마다 출력
2023-05-11 17:45:28 [INFO] 전처리 수행
2023-05-11 17:45:28 [INFO] 후처리 수행
2023-05-11 17:45:28 [INFO] view처리 완료 후 수행
2023-05-11 17:45:29 [INFO] 5초마다 출력
2023-05-11 17:45:34 [INFO] 5초마다 출력
2023-05-11 17:45:38 [INFO] 전처리 수행
2023-05-11 17:45:38 [INFO] 후처리 수행
2023-05-11 17:45:38 [INFO] view처리 완료 후 수행
2023-05-11 17:45:39 [INFO] 5초마다 출력
2023-05-11 17:45:44 [INFO] 5초마다 출력
2023-05-11 17:45:48 [INFO] 전처리 수행
2023-05-11 17:45:48 [INFO] 후처리 수행
2023-05-11 17:45:48 [INFO] view처리 완료 후 수행
2023-05-11 17:45:49 [INFO] 5초마다 출력
2023-05-11 17:45:54 [INFO] 5초마다 출력
2023-05-11 17:45:58 [INFO] 전처리 수행
2023-05-11 17:45:58 [INFO] 후처리 수행
2023-05-11 17:45:58 [INFO] view처리 완료 후 수행
2023-05-11 17:45:59 [INFO] 5초마다 출력
2023-05-11 17:46:00 [INFO] sample5.jpg삭제
2023-05-11 17:46:00 [INFO] -----서버이미지 삭제 완료-----
2023-05-11 17:46:04 [INFO] 5초마다 출력
2023-05-11 17:46:08 [INFO] 전처리 수행
2023-05-11 17:46:08 [INFO] 후처리 수행
2023-05-11 17:46:08 [INFO] view처리 완료 후 수행
2023-05-11 17:46:09 [INFO] 5초마다 출력
2023-05-11 17:46:14 [INFO] 5초마다 출력
2023-05-11 17:46:18 [INFO] 전처리 수행
2023-05-11 17:46:18 [INFO] 후처리 수행
2023-05-11 17:46:18 [INFO] view처리 완료 후 수행
2023-05-11 17:46:19 [INFO] 5초마다 출력
2023-05-11 17:46:24 [INFO] 5초마다 출력
2023-05-11 17:46:28 [INFO] 전처리 수행
2023-05-11 17:46:28 [INFO] 후처리 수행
2023-05-11 17:46:28 [INFO] view처리 완료 후 수행
2023-05-11 17:46:29 [INFO] 5초마다 출력
2023-05-11 17:46:34 [INFO] 5초마다 출력
2023-05-11 17:46:38 [INFO] 전처리 수행
2023-05-11 17:46:38 [INFO] 후처리 수행
2023-05-11 17:46:38 [INFO] view처리 완료 후 수행
2023-05-11 17:46:39 [INFO] 5초마다 출력
2023-05-11 17:46:44 [INFO] 5초마다 출력
2023-05-11 17:46:48 [INFO] 전처리 수행
2023-05-11 17:46:48 [INFO] 후처리 수행
2023-05-11 17:46:48 [INFO] view처리 완료 후 수행
2023-05-11 17:46:49 [INFO] 5초마다 출력
2023-05-11 17:46:54 [INFO] 5초마다 출력
2023-05-11 17:46:58 [INFO] 전처리 수행
2023-05-11 17:46:58 [INFO] 후처리 수행
2023-05-11 17:46:58 [INFO] view처리 완료 후 수행
2023-05-11 17:46:59 [INFO] 5초마다 출력
2023-05-11 17:47:00 [INFO] -----서버이미지 삭제 완료-----
2023-05-11 17:47:04 [INFO] 5초마다 출력
2023-05-11 17:47:08 [INFO] 전처리 수행
2023-05-11 17:47:08 [INFO] 후처리 수행
2023-05-11 17:47:08 [INFO] view처리 완료 후 수행
2023-05-11 17:47:09 [INFO] 5초마다 출력
2023-05-11 19:02:55 [INFO] 초기화 필터 생성
2023-05-11 19:02:58 [INFO] 5초마다 출력
2023-05-11 19:02:59 [INFO] 전처리 수행
2023-05-11 19:03:02 [INFO] -----서버이미지 삭제 완료-----
2023-05-11 19:03:02 [INFO] 후처리 수행
2023-05-11 19:03:02 [INFO] view처리 완료 후 수행
2023-05-11 19:03:02 [INFO] 전처리 수행
2023-05-11 19:03:03 [INFO] 후처리 수행
2023-05-11 19:03:03 [INFO] view처리 완료 후 수행
2023-05-11 19:03:03 [INFO] 5초마다 출력
2023-05-11 19:03:08 [INFO] 5초마다 출력
2023-05-11 19:03:12 [INFO] 전처리 수행
2023-05-11 19:03:12 [INFO] 후처리 수행
2023-05-11 19:03:12 [INFO] view처리 완료 후 수행
2023-05-11 19:03:13 [INFO] 5초마다 출력
2023-05-11 19:03:18 [INFO] 5초마다 출력
2023-05-11 19:03:20 [INFO] 전처리 수행
2023-05-11 19:03:20 [INFO] 로그인 기능 수행됨
2023-05-11 19:03:20 [DEBUG] 123456 / $2a$10$Mb0Pqx3L70PNjm89zqllteY5wf50F0KhyPghTqfZwRiiyyOWp0GjC
2023-05-11 19:03:20 [DEBUG] 123456 / $2a$10$QvPnB9QlQe5lMRVnDdgklOkVJ75srUpcfohOn4vZyTHufgx9XZ6hu
2023-05-11 19:03:20 [DEBUG] 123456 / $2a$10$7CvcmQagEIGcsiwYVQV0JOiwJ.DIIvETfj.b8lDCHyHFeNKUAqzS2
2023-05-11 19:03:20 [DEBUG] 
2023-05-11 19:03:20 [INFO] 후처리 수행
2023-05-11 19:03:20 [INFO] view처리 완료 후 수행
2023-05-11 19:03:21 [INFO] 전처리 수행
2023-05-11 19:03:21 [INFO] 후처리 수행
2023-05-11 19:03:21 [INFO] view처리 완료 후 수행
2023-05-11 19:03:23 [INFO] 5초마다 출력
2023-05-11 19:03:24 [INFO] 전처리 수행
2023-05-11 19:03:24 [INFO] 후처리 수행
2023-05-11 19:03:24 [INFO] view처리 완료 후 수행
2023-05-11 19:03:28 [INFO] 5초마다 출력
2023-05-11 19:03:33 [INFO] 5초마다 출력
2023-05-11 19:03:38 [INFO] 전처리 수행
2023-05-11 19:03:38 [INFO] dddddddddddddd   500
2023-05-11 19:03:38 [INFO] 후처리 수행
2023-05-11 19:03:38 [INFO] view처리 완료 후 수행
2023-05-11 19:03:38 [INFO] 5초마다 출력
2023-05-11 19:03:39 [INFO] 전처리 수행
2023-05-11 19:03:39 [INFO] 후처리 수행
2023-05-11 19:03:39 [INFO] view처리 완료 후 수행
2023-05-11 19:03:40 [INFO] 전처리 수행
2023-05-11 19:03:40 [INFO] dddddddddddddd   479
2023-05-11 19:03:40 [INFO] 후처리 수행
2023-05-11 19:03:40 [INFO] view처리 완료 후 수행
2023-05-11 19:03:43 [INFO] 5초마다 출력
2023-05-11 19:03:48 [INFO] 5초마다 출력
2023-05-11 19:03:49 [INFO] 전처리 수행
2023-05-11 19:03:49 [INFO] 1
2023-05-11 19:03:49 [INFO] 479
2023-05-11 19:03:49 [INFO] 1
2023-05-11 19:03:49 [INFO] 479
2023-05-11 19:03:49 [INFO] 후처리 수행
2023-05-11 19:03:49 [INFO] view처리 완료 후 수행
2023-05-11 19:03:50 [INFO] 전처리 수행
2023-05-11 19:03:50 [INFO] dddddddddddddd111   479
2023-05-11 19:03:50 [INFO] dddddddddddddd   479
2023-05-11 19:03:50 [INFO] 후처리 수행
2023-05-11 19:03:50 [INFO] view처리 완료 후 수행
2023-05-11 19:03:53 [INFO] 5초마다 출력
2023-05-11 19:03:56 [INFO] 전처리 수행
2023-05-11 19:03:56 [INFO] 1
2023-05-11 19:03:56 [INFO] 479
2023-05-11 19:03:56 [INFO] 1
2023-05-11 19:03:56 [INFO] 479
2023-05-11 19:03:56 [INFO] 후처리 수행
2023-05-11 19:03:56 [INFO] view처리 완료 후 수행
2023-05-11 19:03:57 [INFO] 전처리 수행
2023-05-11 19:03:57 [INFO] dddddddddddddd111   479
2023-05-11 19:03:57 [INFO] dddddddddddddd   479
2023-05-11 19:03:57 [INFO] 후처리 수행
2023-05-11 19:03:57 [INFO] view처리 완료 후 수행
2023-05-11 19:03:58 [INFO] 5초마다 출력
2023-05-11 19:04:00 [INFO] -----서버이미지 삭제 완료-----
2023-05-11 19:04:03 [INFO] 5초마다 출력
2023-05-11 19:04:08 [INFO] 5초마다 출력
2023-05-11 19:04:11 [INFO] 전처리 수행
2023-05-11 19:04:11 [INFO] 1
2023-05-11 19:04:11 [INFO] 479
2023-05-11 19:04:11 [INFO] 1
2023-05-11 19:04:11 [INFO] 479
2023-05-11 19:04:11 [INFO] 후처리 수행
2023-05-11 19:04:11 [INFO] view처리 완료 후 수행
2023-05-11 19:04:13 [INFO] 전처리 수행
2023-05-11 19:04:13 [INFO] dddddddddddddd111   479
2023-05-11 19:04:13 [INFO] dddddddddddddd   479
2023-05-11 19:04:13 [INFO] 후처리 수행
2023-05-11 19:04:13 [INFO] view처리 완료 후 수행
2023-05-11 19:04:13 [INFO] 5초마다 출력
2023-05-11 19:04:18 [INFO] 5초마다 출력
2023-05-11 19:04:20 [INFO] 전처리 수행
2023-05-11 19:04:20 [INFO] 후처리 수행
2023-05-11 19:04:20 [INFO] view처리 완료 후 수행
2023-05-11 19:04:21 [INFO] 전처리 수행
2023-05-11 19:04:21 [INFO] dddddddddddddd111   479
2023-05-11 19:04:21 [INFO] dddddddddddddd   479
2023-05-11 19:04:21 [INFO] 후처리 수행
2023-05-11 19:04:21 [INFO] view처리 완료 후 수행
2023-05-11 19:04:23 [INFO] 5초마다 출력
2023-05-11 19:04:27 [INFO] 전처리 수행
2023-05-11 19:04:27 [INFO] 후처리 수행
2023-05-11 19:04:27 [INFO] view처리 완료 후 수행
2023-05-11 19:04:28 [INFO] 전처리 수행
2023-05-11 19:04:28 [INFO] dddddddddddddd111   479
2023-05-11 19:04:28 [INFO] dddddddddddddd   479
2023-05-11 19:04:28 [INFO] 후처리 수행
2023-05-11 19:04:28 [INFO] view처리 완료 후 수행
2023-05-11 19:04:28 [INFO] 5초마다 출력
2023-05-11 19:04:33 [INFO] 5초마다 출력
2023-05-11 19:04:34 [INFO] 전처리 수행
2023-05-11 19:04:34 [INFO] 후처리 수행
2023-05-11 19:04:34 [INFO] view처리 완료 후 수행
2023-05-11 19:04:35 [INFO] 전처리 수행
2023-05-11 19:04:35 [INFO] dddddddddddddd111   479
2023-05-11 19:04:35 [INFO] dddddddddddddd   479
2023-05-11 19:04:35 [INFO] 후처리 수행
2023-05-11 19:04:35 [INFO] view처리 완료 후 수행
2023-05-11 19:04:38 [INFO] 전처리 수행
2023-05-11 19:04:38 [INFO] 후처리 수행
2023-05-11 19:04:38 [INFO] view처리 완료 후 수행
2023-05-11 19:04:38 [INFO] 5초마다 출력
2023-05-11 19:04:43 [INFO] 5초마다 출력
2023-05-11 19:04:48 [INFO] 5초마다 출력
2023-05-11 19:04:53 [INFO] 5초마다 출력
2023-05-11 19:04:58 [INFO] 5초마다 출력
2023-05-11 19:05:00 [INFO] -----서버이미지 삭제 완료-----
2023-05-11 19:05:03 [INFO] 5초마다 출력
2023-05-11 19:05:08 [INFO] 5초마다 출력
2023-05-11 19:05:13 [INFO] 5초마다 출력
2023-05-11 19:05:18 [INFO] 5초마다 출력
2023-05-11 19:05:23 [INFO] 5초마다 출력
2023-05-11 19:05:28 [INFO] 5초마다 출력
2023-05-11 19:05:33 [INFO] 5초마다 출력
2023-05-11 19:05:38 [INFO] 5초마다 출력
2023-05-11 19:05:43 [INFO] 5초마다 출력
2023-05-11 19:05:48 [INFO] 5초마다 출력
2023-05-11 19:05:53 [INFO] 5초마다 출력
2023-05-11 19:05:58 [INFO] 5초마다 출력
2023-05-11 19:06:00 [INFO] -----서버이미지 삭제 완료-----
2023-05-11 19:06:03 [INFO] 5초마다 출력
2023-05-11 19:06:08 [INFO] 5초마다 출력
2023-05-11 19:06:13 [INFO] 5초마다 출력
2023-05-11 19:06:18 [INFO] 5초마다 출력
2023-05-11 19:06:23 [INFO] 5초마다 출력
2023-05-11 19:06:28 [INFO] 5초마다 출력
2023-05-11 19:06:33 [INFO] 5초마다 출력
2023-05-11 19:06:38 [INFO] 5초마다 출력
2023-05-11 19:06:43 [INFO] 5초마다 출력
2023-05-11 19:06:48 [INFO] 5초마다 출력
2023-05-11 19:06:53 [INFO] 5초마다 출력
2023-05-11 19:06:58 [INFO] 5초마다 출력
2023-05-11 19:07:00 [INFO] -----서버이미지 삭제 완료-----
2023-05-11 19:07:03 [INFO] 5초마다 출력
2023-05-11 19:07:08 [INFO] 5초마다 출력
2023-05-11 19:07:13 [INFO] 5초마다 출력
2023-05-11 19:07:18 [INFO] 5초마다 출력
2023-05-11 19:07:23 [INFO] 5초마다 출력
2023-05-11 19:07:28 [INFO] 5초마다 출력
2023-05-11 19:07:33 [INFO] 5초마다 출력
2023-05-11 19:07:38 [INFO] 5초마다 출력
2023-05-11 19:07:43 [INFO] 5초마다 출력
2023-05-11 19:07:48 [INFO] 5초마다 출력
2023-05-11 19:07:53 [INFO] 5초마다 출력
2023-05-11 19:07:58 [INFO] 5초마다 출력
2023-05-11 19:08:00 [INFO] -----서버이미지 삭제 완료-----
2023-05-11 19:08:03 [INFO] 5초마다 출력
2023-05-11 19:08:08 [INFO] 5초마다 출력
2023-05-11 19:08:13 [INFO] 5초마다 출력
2023-05-11 19:08:18 [INFO] 5초마다 출력
2023-05-11 19:08:23 [INFO] 5초마다 출력
2023-05-11 19:08:28 [INFO] 5초마다 출력
